input file: configs/mapper/eyeriss-256.yaml
  _______                __                
 /_  __(_)___ ___  ___  / /___  ____  ____ 
  / / / / __ `__ \/ _ \/ / __ \/ __ \/ __ \
 / / / / / / / / /  __/ / /_/ / /_/ / /_/ /
/_/ /_/_/ /_/ /_/\___/_/\____/\____/ .___/ 
                                  /_/      

Problem configuration complete.
Architecture configuration complete.
Sparse optimization configuration complete.
Using all available hardware threads = 384
Mapper configuration complete.
Parsing factor level = DummyBuffer (spatial) dim = R factor = 1
Parsing factor level = DummyBuffer (spatial) dim = S factor = 3
Parsing factor level = DummyBuffer (spatial) dim = P factor = 1
Parsing factor level = DummyBuffer (spatial) dim = Q factor = 1
Parsing factor level = DummyBuffer (spatial) dim = N factor = 1
Parsing factor level = GlobalBuffer (spatial) dim = R factor = 1
Parsing factor level = GlobalBuffer (spatial) dim = S factor = 1
Parsing factor level = GlobalBuffer (spatial) dim = P factor = 1
Parsing factor level = GlobalBuffer (spatial) dim = C factor = 1
Parsing factor level = GlobalBuffer (spatial) dim = N factor = 1
Parsing factor level = PsumRegFile (temporal) dim = R factor = 1
Parsing factor level = PsumRegFile (temporal) dim = S factor = 1
Parsing factor level = PsumRegFile (temporal) dim = P factor = 1
Parsing factor level = PsumRegFile (temporal) dim = Q factor = 1
Parsing factor level = PsumRegFile (temporal) dim = C factor = 1
Parsing factor level = PsumRegFile (temporal) dim = N factor = 1
Parsing factor level = WeightRegFile (temporal) dim = R factor = 3
Parsing factor level = WeightRegFile (temporal) dim = S factor = 1
Parsing factor level = WeightRegFile (temporal) dim = P factor = 1
Parsing factor level = WeightRegFile (temporal) dim = Q factor = 1
Parsing factor level = WeightRegFile (temporal) dim = K factor = 1
Parsing factor level = WeightRegFile (temporal) dim = N factor = 1
Parsing factor level = InputRegFile (temporal) dim = R factor = 1
Parsing factor level = InputRegFile (temporal) dim = S factor = 1
Parsing factor level = InputRegFile (temporal) dim = P factor = 1
Parsing factor level = InputRegFile (temporal) dim = Q factor = 1
Parsing factor level = InputRegFile (temporal) dim = C factor = 1
Parsing factor level = InputRegFile (temporal) dim = K factor = 1
Parsing factor level = InputRegFile (temporal) dim = N factor = 1
Parsing factor level = DummyBuffer (temporal) dim = R factor = 1
Parsing factor level = DummyBuffer (temporal) dim = S factor = 1
Parsing factor level = DummyBuffer (temporal) dim = P factor = 1
Parsing factor level = DummyBuffer (temporal) dim = Q factor = 1
Parsing factor level = DummyBuffer (temporal) dim = C factor = 1
Parsing factor level = DummyBuffer (temporal) dim = K factor = 1
Parsing factor level = DummyBuffer (temporal) dim = N factor = 1
Parsing factor level = GlobalBuffer (temporal) dim = R factor = 1
Parsing factor level = GlobalBuffer (temporal) dim = S factor = 1
Parsing factor level = GlobalBuffer (temporal) dim = P factor = 56
Parsing factor level = GlobalBuffer (temporal) dim = Q factor = 1
Parsing factor level = GlobalBuffer (temporal) dim = C factor = 1
Parsing factor level = DRAM (temporal) dim = R factor = 1
Parsing factor level = DRAM (temporal) dim = S factor = 1
Parsing factor level = DRAM (temporal) dim = P factor = 1
Factors for dimension R
Factor: 1 3 1 1 1 1 1 1 
Factors for dimension S
Factor: 1 1 1 3 1 1 1 1 
Factors for dimension P
Factor: 1 1 1 1 1 1 56 1 
Factors for dimension Q
Factor: 1 1 1 1 1 56 1 1 
Factor: 1 1 1 1 1 1 1 56 
Factor: 1 1 1 1 1 28 1 2 
Factor: 1 1 1 1 1 2 1 28 
Factor: 1 1 1 1 1 14 1 4 
Factor: 1 1 1 1 1 4 1 14 
Factor: 1 1 1 1 1 8 1 7 
Factor: 1 1 1 1 1 7 1 8 
Factors for dimension C
Factor: 1 256 1 1 1 1 1 1 
Factor: 1 1 1 256 1 1 1 1 
Factor: 1 128 1 2 1 1 1 1 
Factor: 1 2 1 128 1 1 1 1 
Factor: 1 64 1 4 1 1 1 1 
Factor: 1 4 1 64 1 1 1 1 
Factor: 1 32 1 8 1 1 1 1 
Factor: 1 8 1 32 1 1 1 1 
Factor: 1 16 1 16 1 1 1 1 
Factor: 1 1 1 1 1 1 1 256 
Factor: 1 128 1 1 1 1 1 2 
Factor: 1 64 1 2 1 1 1 2 
Factor: 1 1 1 128 1 1 1 2 
Factor: 1 32 1 4 1 1 1 2 
Factor: 1 2 1 64 1 1 1 2 
Factor: 1 16 1 8 1 1 1 2 
Factor: 1 4 1 32 1 1 1 2 
Factor: 1 8 1 16 1 1 1 2 
Factor: 1 2 1 1 1 1 1 128 
Factor: 1 1 1 2 1 1 1 128 
Factor: 1 64 1 1 1 1 1 4 
Factor: 1 32 1 2 1 1 1 4 
Factor: 1 16 1 4 1 1 1 4 
Factor: 1 1 1 64 1 1 1 4 
Factor: 1 8 1 8 1 1 1 4 
Factor: 1 2 1 32 1 1 1 4 
Factor: 1 4 1 16 1 1 1 4 
Factor: 1 4 1 1 1 1 1 64 
Factor: 1 2 1 2 1 1 1 64 
Factor: 1 1 1 4 1 1 1 64 
Factor: 1 32 1 1 1 1 1 8 
Factor: 1 16 1 2 1 1 1 8 
Factor: 1 8 1 4 1 1 1 8 
Factor: 1 4 1 8 1 1 1 8 
Factor: 1 1 1 32 1 1 1 8 
Factor: 1 2 1 16 1 1 1 8 
Factor: 1 8 1 1 1 1 1 32 
Factor: 1 4 1 2 1 1 1 32 
Factor: 1 2 1 4 1 1 1 32 
Factor: 1 1 1 8 1 1 1 32 
Factor: 1 16 1 1 1 1 1 16 
Factor: 1 8 1 2 1 1 1 16 
Factor: 1 4 1 4 1 1 1 16 
Factor: 1 2 1 8 1 1 1 16 
Factor: 1 1 1 16 1 1 1 16 
Factors for dimension K
Factor: 256 1 1 1 1 1 1 1 
Factor: 1 1 1 256 1 1 1 1 
Factor: 128 1 1 2 1 1 1 1 
Factor: 2 1 1 128 1 1 1 1 
Factor: 64 1 1 4 1 1 1 1 
Factor: 4 1 1 64 1 1 1 1 
Factor: 32 1 1 8 1 1 1 1 
Factor: 8 1 1 32 1 1 1 1 
Factor: 16 1 1 16 1 1 1 1 
Factor: 1 1 1 1 1 256 1 1 
Factor: 128 1 1 1 1 2 1 1 
Factor: 64 1 1 2 1 2 1 1 
Factor: 1 1 1 128 1 2 1 1 
Factor: 32 1 1 4 1 2 1 1 
Factor: 2 1 1 64 1 2 1 1 
Factor: 16 1 1 8 1 2 1 1 
Factor: 4 1 1 32 1 2 1 1 
Factor: 8 1 1 16 1 2 1 1 
Factor: 2 1 1 1 1 128 1 1 
Factor: 1 1 1 2 1 128 1 1 
Factor: 64 1 1 1 1 4 1 1 
Factor: 32 1 1 2 1 4 1 1 
Factor: 16 1 1 4 1 4 1 1 
Factor: 1 1 1 64 1 4 1 1 
Factor: 8 1 1 8 1 4 1 1 
Factor: 2 1 1 32 1 4 1 1 
Factor: 4 1 1 16 1 4 1 1 
Factor: 4 1 1 1 1 64 1 1 
Factor: 2 1 1 2 1 64 1 1 
Factor: 1 1 1 4 1 64 1 1 
Factor: 32 1 1 1 1 8 1 1 
Factor: 16 1 1 2 1 8 1 1 
Factor: 8 1 1 4 1 8 1 1 
Factor: 4 1 1 8 1 8 1 1 
Factor: 1 1 1 32 1 8 1 1 
Factor: 2 1 1 16 1 8 1 1 
Factor: 8 1 1 1 1 32 1 1 
Factor: 4 1 1 2 1 32 1 1 
Factor: 2 1 1 4 1 32 1 1 
Factor: 1 1 1 8 1 32 1 1 
Factor: 16 1 1 1 1 16 1 1 
Factor: 8 1 1 2 1 16 1 1 
Factor: 4 1 1 4 1 16 1 1 
Factor: 2 1 1 8 1 16 1 1 
Factor: 1 1 1 16 1 16 1 1 
Factor: 1 1 1 1 1 1 256 1 
Factor: 128 1 1 1 1 1 2 1 
Factor: 64 1 1 2 1 1 2 1 
Factor: 1 1 1 128 1 1 2 1 
Factor: 32 1 1 4 1 1 2 1 
Factor: 2 1 1 64 1 1 2 1 
Factor: 16 1 1 8 1 1 2 1 
Factor: 4 1 1 32 1 1 2 1 
Factor: 8 1 1 16 1 1 2 1 
Factor: 64 1 1 1 1 2 2 1 
Factor: 32 1 1 2 1 2 2 1 
Factor: 16 1 1 4 1 2 2 1 
Factor: 1 1 1 64 1 2 2 1 
Factor: 8 1 1 8 1 2 2 1 
Factor: 2 1 1 32 1 2 2 1 
Factor: 4 1 1 16 1 2 2 1 
Factor: 1 1 1 1 1 128 2 1 
Factor: 32 1 1 1 1 4 2 1 
Factor: 16 1 1 2 1 4 2 1 
Factor: 8 1 1 4 1 4 2 1 
Factor: 4 1 1 8 1 4 2 1 
Factor: 1 1 1 32 1 4 2 1 
Factor: 2 1 1 16 1 4 2 1 
Factor: 2 1 1 1 1 64 2 1 
Factor: 1 1 1 2 1 64 2 1 
Factor: 16 1 1 1 1 8 2 1 
Factor: 8 1 1 2 1 8 2 1 
Factor: 4 1 1 4 1 8 2 1 
Factor: 2 1 1 8 1 8 2 1 
Factor: 1 1 1 16 1 8 2 1 
Factor: 4 1 1 1 1 32 2 1 
Factor: 2 1 1 2 1 32 2 1 
Factor: 1 1 1 4 1 32 2 1 
Factor: 8 1 1 1 1 16 2 1 
Factor: 4 1 1 2 1 16 2 1 
Factor: 2 1 1 4 1 16 2 1 
Factor: 1 1 1 8 1 16 2 1 
Factor: 2 1 1 1 1 1 128 1 
Factor: 1 1 1 2 1 1 128 1 
Factor: 1 1 1 1 1 2 128 1 
Factor: 64 1 1 1 1 1 4 1 
Factor: 32 1 1 2 1 1 4 1 
Factor: 16 1 1 4 1 1 4 1 
Factor: 1 1 1 64 1 1 4 1 
Factor: 8 1 1 8 1 1 4 1 
Factor: 2 1 1 32 1 1 4 1 
Factor: 4 1 1 16 1 1 4 1 
Factor: 32 1 1 1 1 2 4 1 
Factor: 16 1 1 2 1 2 4 1 
Factor: 8 1 1 4 1 2 4 1 
Factor: 4 1 1 8 1 2 4 1 
Factor: 1 1 1 32 1 2 4 1 
Factor: 2 1 1 16 1 2 4 1 
Factor: 16 1 1 1 1 4 4 1 
Factor: 8 1 1 2 1 4 4 1 
Factor: 4 1 1 4 1 4 4 1 
Factor: 2 1 1 8 1 4 4 1 
Factor: 1 1 1 16 1 4 4 1 
Factor: 1 1 1 1 1 64 4 1 
Factor: 8 1 1 1 1 8 4 1 
Factor: 4 1 1 2 1 8 4 1 
Factor: 2 1 1 4 1 8 4 1 
Factor: 1 1 1 8 1 8 4 1 
Factor: 2 1 1 1 1 32 4 1 
Factor: 1 1 1 2 1 32 4 1 
Factor: 4 1 1 1 1 16 4 1 
Factor: 2 1 1 2 1 16 4 1 
Factor: 1 1 1 4 1 16 4 1 
Factor: 4 1 1 1 1 1 64 1 
Factor: 2 1 1 2 1 1 64 1 
Factor: 1 1 1 4 1 1 64 1 
Factor: 2 1 1 1 1 2 64 1 
Factor: 1 1 1 2 1 2 64 1 
Factor: 1 1 1 1 1 4 64 1 
Factor: 32 1 1 1 1 1 8 1 
Factor: 16 1 1 2 1 1 8 1 
Factor: 8 1 1 4 1 1 8 1 
Factor: 4 1 1 8 1 1 8 1 
Factor: 1 1 1 32 1 1 8 1 
Factor: 2 1 1 16 1 1 8 1 
Factor: 16 1 1 1 1 2 8 1 
Factor: 8 1 1 2 1 2 8 1 
Factor: 4 1 1 4 1 2 8 1 
Factor: 2 1 1 8 1 2 8 1 
Factor: 1 1 1 16 1 2 8 1 
Factor: 8 1 1 1 1 4 8 1 
Factor: 4 1 1 2 1 4 8 1 
Factor: 2 1 1 4 1 4 8 1 
Factor: 1 1 1 8 1 4 8 1 
Factor: 4 1 1 1 1 8 8 1 
Factor: 2 1 1 2 1 8 8 1 
Factor: 1 1 1 4 1 8 8 1 
Factor: 1 1 1 1 1 32 8 1 
Factor: 2 1 1 1 1 16 8 1 
Factor: 1 1 1 2 1 16 8 1 
Factor: 8 1 1 1 1 1 32 1 
Factor: 4 1 1 2 1 1 32 1 
Factor: 2 1 1 4 1 1 32 1 
Factor: 1 1 1 8 1 1 32 1 
Factor: 4 1 1 1 1 2 32 1 
Factor: 2 1 1 2 1 2 32 1 
Factor: 1 1 1 4 1 2 32 1 
Factor: 2 1 1 1 1 4 32 1 
Factor: 1 1 1 2 1 4 32 1 
Factor: 1 1 1 1 1 8 32 1 
Factor: 16 1 1 1 1 1 16 1 
Factor: 8 1 1 2 1 1 16 1 
Factor: 4 1 1 4 1 1 16 1 
Factor: 2 1 1 8 1 1 16 1 
Factor: 1 1 1 16 1 1 16 1 
Factor: 8 1 1 1 1 2 16 1 
Factor: 4 1 1 2 1 2 16 1 
Factor: 2 1 1 4 1 2 16 1 
Factor: 1 1 1 8 1 2 16 1 
Factor: 4 1 1 1 1 4 16 1 
Factor: 2 1 1 2 1 4 16 1 
Factor: 1 1 1 4 1 4 16 1 
Factor: 2 1 1 1 1 8 16 1 
Factor: 1 1 1 2 1 8 16 1 
Factor: 1 1 1 1 1 16 16 1 
Factor: 1 1 1 1 1 1 1 256 
Factor: 128 1 1 1 1 1 1 2 
Factor: 64 1 1 2 1 1 1 2 
Factor: 1 1 1 128 1 1 1 2 
Factor: 32 1 1 4 1 1 1 2 
Factor: 2 1 1 64 1 1 1 2 
Factor: 16 1 1 8 1 1 1 2 
Factor: 4 1 1 32 1 1 1 2 
Factor: 8 1 1 16 1 1 1 2 
Factor: 64 1 1 1 1 2 1 2 
Factor: 32 1 1 2 1 2 1 2 
Factor: 16 1 1 4 1 2 1 2 
Factor: 1 1 1 64 1 2 1 2 
Factor: 8 1 1 8 1 2 1 2 
Factor: 2 1 1 32 1 2 1 2 
Factor: 4 1 1 16 1 2 1 2 
Factor: 1 1 1 1 1 128 1 2 
Factor: 32 1 1 1 1 4 1 2 
Factor: 16 1 1 2 1 4 1 2 
Factor: 8 1 1 4 1 4 1 2 
Factor: 4 1 1 8 1 4 1 2 
Factor: 1 1 1 32 1 4 1 2 
Factor: 2 1 1 16 1 4 1 2 
Factor: 2 1 1 1 1 64 1 2 
Factor: 1 1 1 2 1 64 1 2 
Factor: 16 1 1 1 1 8 1 2 
Factor: 8 1 1 2 1 8 1 2 
Factor: 4 1 1 4 1 8 1 2 
Factor: 2 1 1 8 1 8 1 2 
Factor: 1 1 1 16 1 8 1 2 
Factor: 4 1 1 1 1 32 1 2 
Factor: 2 1 1 2 1 32 1 2 
Factor: 1 1 1 4 1 32 1 2 
Factor: 8 1 1 1 1 16 1 2 
Factor: 4 1 1 2 1 16 1 2 
Factor: 2 1 1 4 1 16 1 2 
Factor: 1 1 1 8 1 16 1 2 
Factor: 64 1 1 1 1 1 2 2 
Factor: 32 1 1 2 1 1 2 2 
Factor: 16 1 1 4 1 1 2 2 
Factor: 1 1 1 64 1 1 2 2 
Factor: 8 1 1 8 1 1 2 2 
Factor: 2 1 1 32 1 1 2 2 
Factor: 4 1 1 16 1 1 2 2 
Factor: 32 1 1 1 1 2 2 2 
Factor: 16 1 1 2 1 2 2 2 
Factor: 8 1 1 4 1 2 2 2 
Factor: 4 1 1 8 1 2 2 2 
Factor: 1 1 1 32 1 2 2 2 
Factor: 2 1 1 16 1 2 2 2 
Factor: 16 1 1 1 1 4 2 2 
Factor: 8 1 1 2 1 4 2 2 
Factor: 4 1 1 4 1 4 2 2 
Factor: 2 1 1 8 1 4 2 2 
Factor: 1 1 1 16 1 4 2 2 
Factor: 1 1 1 1 1 64 2 2 
Factor: 8 1 1 1 1 8 2 2 
Factor: 4 1 1 2 1 8 2 2 
Factor: 2 1 1 4 1 8 2 2 
Factor: 1 1 1 8 1 8 2 2 
Factor: 2 1 1 1 1 32 2 2 
Factor: 1 1 1 2 1 32 2 2 
Factor: 4 1 1 1 1 16 2 2 
Factor: 2 1 1 2 1 16 2 2 
Factor: 1 1 1 4 1 16 2 2 
Factor: 1 1 1 1 1 1 128 2 
Factor: 32 1 1 1 1 1 4 2 
Factor: 16 1 1 2 1 1 4 2 
Factor: 8 1 1 4 1 1 4 2 
Factor: 4 1 1 8 1 1 4 2 
Factor: 1 1 1 32 1 1 4 2 
Factor: 2 1 1 16 1 1 4 2 
Factor: 16 1 1 1 1 2 4 2 
Factor: 8 1 1 2 1 2 4 2 
Factor: 4 1 1 4 1 2 4 2 
Factor: 2 1 1 8 1 2 4 2 
Factor: 1 1 1 16 1 2 4 2 
Factor: 8 1 1 1 1 4 4 2 
Factor: 4 1 1 2 1 4 4 2 
Factor: 2 1 1 4 1 4 4 2 
Factor: 1 1 1 8 1 4 4 2 
Factor: 4 1 1 1 1 8 4 2 
Factor: 2 1 1 2 1 8 4 2 
Factor: 1 1 1 4 1 8 4 2 
Factor: 1 1 1 1 1 32 4 2 
Factor: 2 1 1 1 1 16 4 2 
Factor: 1 1 1 2 1 16 4 2 
Factor: 2 1 1 1 1 1 64 2 
Factor: 1 1 1 2 1 1 64 2 
Factor: 1 1 1 1 1 2 64 2 
Factor: 16 1 1 1 1 1 8 2 
Factor: 8 1 1 2 1 1 8 2 
Factor: 4 1 1 4 1 1 8 2 
Factor: 2 1 1 8 1 1 8 2 
Factor: 1 1 1 16 1 1 8 2 
Factor: 8 1 1 1 1 2 8 2 
Factor: 4 1 1 2 1 2 8 2 
Factor: 2 1 1 4 1 2 8 2 
Factor: 1 1 1 8 1 2 8 2 
Factor: 4 1 1 1 1 4 8 2 
Factor: 2 1 1 2 1 4 8 2 
Factor: 1 1 1 4 1 4 8 2 
Factor: 2 1 1 1 1 8 8 2 
Factor: 1 1 1 2 1 8 8 2 
Factor: 1 1 1 1 1 16 8 2 
Factor: 4 1 1 1 1 1 32 2 
Factor: 2 1 1 2 1 1 32 2 
Factor: 1 1 1 4 1 1 32 2 
Factor: 2 1 1 1 1 2 32 2 
Factor: 1 1 1 2 1 2 32 2 
Factor: 1 1 1 1 1 4 32 2 
Factor: 8 1 1 1 1 1 16 2 
Factor: 4 1 1 2 1 1 16 2 
Factor: 2 1 1 4 1 1 16 2 
Factor: 1 1 1 8 1 1 16 2 
Factor: 4 1 1 1 1 2 16 2 
Factor: 2 1 1 2 1 2 16 2 
Factor: 1 1 1 4 1 2 16 2 
Factor: 2 1 1 1 1 4 16 2 
Factor: 1 1 1 2 1 4 16 2 
Factor: 1 1 1 1 1 8 16 2 
Factor: 2 1 1 1 1 1 1 128 
Factor: 1 1 1 2 1 1 1 128 
Factor: 1 1 1 1 1 2 1 128 
Factor: 1 1 1 1 1 1 2 128 
Factor: 64 1 1 1 1 1 1 4 
Factor: 32 1 1 2 1 1 1 4 
Factor: 16 1 1 4 1 1 1 4 
Factor: 1 1 1 64 1 1 1 4 
Factor: 8 1 1 8 1 1 1 4 
Factor: 2 1 1 32 1 1 1 4 
Factor: 4 1 1 16 1 1 1 4 
Factor: 32 1 1 1 1 2 1 4 
Factor: 16 1 1 2 1 2 1 4 
Factor: 8 1 1 4 1 2 1 4 
Factor: 4 1 1 8 1 2 1 4 
Factor: 1 1 1 32 1 2 1 4 
Factor: 2 1 1 16 1 2 1 4 
Factor: 16 1 1 1 1 4 1 4 
Factor: 8 1 1 2 1 4 1 4 
Factor: 4 1 1 4 1 4 1 4 
Factor: 2 1 1 8 1 4 1 4 
Factor: 1 1 1 16 1 4 1 4 
Factor: 1 1 1 1 1 64 1 4 
Factor: 8 1 1 1 1 8 1 4 
Factor: 4 1 1 2 1 8 1 4 
Factor: 2 1 1 4 1 8 1 4 
Factor: 1 1 1 8 1 8 1 4 
Factor: 2 1 1 1 1 32 1 4 
Factor: 1 1 1 2 1 32 1 4 
Factor: 4 1 1 1 1 16 1 4 
Factor: 2 1 1 2 1 16 1 4 
Factor: 1 1 1 4 1 16 1 4 
Factor: 32 1 1 1 1 1 2 4 
Factor: 16 1 1 2 1 1 2 4 
Factor: 8 1 1 4 1 1 2 4 
Factor: 4 1 1 8 1 1 2 4 
Factor: 1 1 1 32 1 1 2 4 
Factor: 2 1 1 16 1 1 2 4 
Factor: 16 1 1 1 1 2 2 4 
Factor: 8 1 1 2 1 2 2 4 
Factor: 4 1 1 4 1 2 2 4 
Factor: 2 1 1 8 1 2 2 4 
Factor: 1 1 1 16 1 2 2 4 
Factor: 8 1 1 1 1 4 2 4 
Factor: 4 1 1 2 1 4 2 4 
Factor: 2 1 1 4 1 4 2 4 
Factor: 1 1 1 8 1 4 2 4 
Factor: 4 1 1 1 1 8 2 4 
Factor: 2 1 1 2 1 8 2 4 
Factor: 1 1 1 4 1 8 2 4 
Factor: 1 1 1 1 1 32 2 4 
Factor: 2 1 1 1 1 16 2 4 
Factor: 1 1 1 2 1 16 2 4 
Factor: 16 1 1 1 1 1 4 4 
Factor: 8 1 1 2 1 1 4 4 
Factor: 4 1 1 4 1 1 4 4 
Factor: 2 1 1 8 1 1 4 4 
Factor: 1 1 1 16 1 1 4 4 
Factor: 8 1 1 1 1 2 4 4 
Factor: 4 1 1 2 1 2 4 4 
Factor: 2 1 1 4 1 2 4 4 
Factor: 1 1 1 8 1 2 4 4 
Factor: 4 1 1 1 1 4 4 4 
Factor: 2 1 1 2 1 4 4 4 
Factor: 1 1 1 4 1 4 4 4 
Factor: 2 1 1 1 1 8 4 4 
Factor: 1 1 1 2 1 8 4 4 
Factor: 1 1 1 1 1 16 4 4 
Factor: 1 1 1 1 1 1 64 4 
Factor: 8 1 1 1 1 1 8 4 
Factor: 4 1 1 2 1 1 8 4 
Factor: 2 1 1 4 1 1 8 4 
Factor: 1 1 1 8 1 1 8 4 
Factor: 4 1 1 1 1 2 8 4 
Factor: 2 1 1 2 1 2 8 4 
Factor: 1 1 1 4 1 2 8 4 
Factor: 2 1 1 1 1 4 8 4 
Factor: 1 1 1 2 1 4 8 4 
Factor: 1 1 1 1 1 8 8 4 
Factor: 2 1 1 1 1 1 32 4 
Factor: 1 1 1 2 1 1 32 4 
Factor: 1 1 1 1 1 2 32 4 
Factor: 4 1 1 1 1 1 16 4 
Factor: 2 1 1 2 1 1 16 4 
Factor: 1 1 1 4 1 1 16 4 
Factor: 2 1 1 1 1 2 16 4 
Factor: 1 1 1 2 1 2 16 4 
Factor: 1 1 1 1 1 4 16 4 
Factor: 4 1 1 1 1 1 1 64 
Factor: 2 1 1 2 1 1 1 64 
Factor: 1 1 1 4 1 1 1 64 
Factor: 2 1 1 1 1 2 1 64 
Factor: 1 1 1 2 1 2 1 64 
Factor: 1 1 1 1 1 4 1 64 
Factor: 2 1 1 1 1 1 2 64 
Factor: 1 1 1 2 1 1 2 64 
Factor: 1 1 1 1 1 2 2 64 
Factor: 1 1 1 1 1 1 4 64 
Factor: 32 1 1 1 1 1 1 8 
Factor: 16 1 1 2 1 1 1 8 
Factor: 8 1 1 4 1 1 1 8 
Factor: 4 1 1 8 1 1 1 8 
Factor: 1 1 1 32 1 1 1 8 
Factor: 2 1 1 16 1 1 1 8 
Factor: 16 1 1 1 1 2 1 8 
Factor: 8 1 1 2 1 2 1 8 
Factor: 4 1 1 4 1 2 1 8 
Factor: 2 1 1 8 1 2 1 8 
Factor: 1 1 1 16 1 2 1 8 
Factor: 8 1 1 1 1 4 1 8 
Factor: 4 1 1 2 1 4 1 8 
Factor: 2 1 1 4 1 4 1 8 
Factor: 1 1 1 8 1 4 1 8 
Factor: 4 1 1 1 1 8 1 8 
Factor: 2 1 1 2 1 8 1 8 
Factor: 1 1 1 4 1 8 1 8 
Factor: 1 1 1 1 1 32 1 8 
Factor: 2 1 1 1 1 16 1 8 
Factor: 1 1 1 2 1 16 1 8 
Factor: 16 1 1 1 1 1 2 8 
Factor: 8 1 1 2 1 1 2 8 
Factor: 4 1 1 4 1 1 2 8 
Factor: 2 1 1 8 1 1 2 8 
Factor: 1 1 1 16 1 1 2 8 
Factor: 8 1 1 1 1 2 2 8 
Factor: 4 1 1 2 1 2 2 8 
Factor: 2 1 1 4 1 2 2 8 
Factor: 1 1 1 8 1 2 2 8 
Factor: 4 1 1 1 1 4 2 8 
Factor: 2 1 1 2 1 4 2 8 
Factor: 1 1 1 4 1 4 2 8 
Factor: 2 1 1 1 1 8 2 8 
Factor: 1 1 1 2 1 8 2 8 
Factor: 1 1 1 1 1 16 2 8 
Factor: 8 1 1 1 1 1 4 8 
Factor: 4 1 1 2 1 1 4 8 
Factor: 2 1 1 4 1 1 4 8 
Factor: 1 1 1 8 1 1 4 8 
Factor: 4 1 1 1 1 2 4 8 
Factor: 2 1 1 2 1 2 4 8 
Factor: 1 1 1 4 1 2 4 8 
Factor: 2 1 1 1 1 4 4 8 
Factor: 1 1 1 2 1 4 4 8 
Factor: 1 1 1 1 1 8 4 8 
Factor: 4 1 1 1 1 1 8 8 
Factor: 2 1 1 2 1 1 8 8 
Factor: 1 1 1 4 1 1 8 8 
Factor: 2 1 1 1 1 2 8 8 
Factor: 1 1 1 2 1 2 8 8 
Factor: 1 1 1 1 1 4 8 8 
Factor: 1 1 1 1 1 1 32 8 
Factor: 2 1 1 1 1 1 16 8 
Factor: 1 1 1 2 1 1 16 8 
Factor: 1 1 1 1 1 2 16 8 
Factor: 8 1 1 1 1 1 1 32 
Factor: 4 1 1 2 1 1 1 32 
Factor: 2 1 1 4 1 1 1 32 
Factor: 1 1 1 8 1 1 1 32 
Factor: 4 1 1 1 1 2 1 32 
Factor: 2 1 1 2 1 2 1 32 
Factor: 1 1 1 4 1 2 1 32 
Factor: 2 1 1 1 1 4 1 32 
Factor: 1 1 1 2 1 4 1 32 
Factor: 1 1 1 1 1 8 1 32 
Factor: 4 1 1 1 1 1 2 32 
Factor: 2 1 1 2 1 1 2 32 
Factor: 1 1 1 4 1 1 2 32 
Factor: 2 1 1 1 1 2 2 32 
Factor: 1 1 1 2 1 2 2 32 
Factor: 1 1 1 1 1 4 2 32 
Factor: 2 1 1 1 1 1 4 32 
Factor: 1 1 1 2 1 1 4 32 
Factor: 1 1 1 1 1 2 4 32 
Factor: 1 1 1 1 1 1 8 32 
Factor: 16 1 1 1 1 1 1 16 
Factor: 8 1 1 2 1 1 1 16 
Factor: 4 1 1 4 1 1 1 16 
Factor: 2 1 1 8 1 1 1 16 
Factor: 1 1 1 16 1 1 1 16 
Factor: 8 1 1 1 1 2 1 16 
Factor: 4 1 1 2 1 2 1 16 
Factor: 2 1 1 4 1 2 1 16 
Factor: 1 1 1 8 1 2 1 16 
Factor: 4 1 1 1 1 4 1 16 
Factor: 2 1 1 2 1 4 1 16 
Factor: 1 1 1 4 1 4 1 16 
Factor: 2 1 1 1 1 8 1 16 
Factor: 1 1 1 2 1 8 1 16 
Factor: 1 1 1 1 1 16 1 16 
Factor: 8 1 1 1 1 1 2 16 
Factor: 4 1 1 2 1 1 2 16 
Factor: 2 1 1 4 1 1 2 16 
Factor: 1 1 1 8 1 1 2 16 
Factor: 4 1 1 1 1 2 2 16 
Factor: 2 1 1 2 1 2 2 16 
Factor: 1 1 1 4 1 2 2 16 
Factor: 2 1 1 1 1 4 2 16 
Factor: 1 1 1 2 1 4 2 16 
Factor: 1 1 1 1 1 8 2 16 
Factor: 4 1 1 1 1 1 4 16 
Factor: 2 1 1 2 1 1 4 16 
Factor: 1 1 1 4 1 1 4 16 
Factor: 2 1 1 1 1 2 4 16 
Factor: 1 1 1 2 1 2 4 16 
Factor: 1 1 1 1 1 4 4 16 
Factor: 2 1 1 1 1 1 8 16 
Factor: 1 1 1 2 1 1 8 16 
Factor: 1 1 1 1 1 2 8 16 
Factor: 1 1 1 1 1 1 16 16 
Factors for dimension N
Factor: 1 1 1 1 1 1 1 1 
Initializing Index Factorization subspace.
  Factorization options along problem dimension R = 1
  Factorization options along problem dimension S = 1
  Factorization options along problem dimension P = 1
  Factorization options along problem dimension Q = 8
  Factorization options along problem dimension C = 45
  Factorization options along problem dimension K = 495
  Factorization options along problem dimension N = 1
Mapspace Dimension [IndexFactorization] Size: 178200
Mapspace Dimension [LoopPermutation] Size: 1
Mapspace Dimension [Spatial] Size: 1
Mapspace Dimension [DatatypeBypass] Size: 1
Mapspace split! Per-split Mapping Dimension [IndexFactorization] Size: 465 Residue: 360
Mapspace construction complete.
Search configuration complete.


Summary stats for best mapping found by mapper:
  Utilization = 0.75 | pJ/Compute =    6.047
